This is musixtex.lua version 0.23b.
  prepmx amnesia
  pmxab amnesia
  etex amnesia.tex
  musixflx amnesia
  etex amnesia.tex
  dvips -e0 amnesia
  ps2pdf amnesia.ps
amnesia.pdf generated by ps2pdf.
  removing pmxaerr.dat
  removing amnesia.mx1
  removing amnesia.mx2
  removing amnesia.dvi
  removing amnesia.ps
  removing amnesia.log
  removing amnesia.pml
---   TeX files actually included according to amnesia.log   ---
/usr/local/texlive/2022/texmf-dist/tex/generic/m-tx/mtx.tex
  mtxTeX 0.63c <15 January 2019>
/usr/local/texlive/2022/texmf-dist/tex/generic/musixtex/musixtex.tex
  MusiXTeX(c) 1.34 <2021-07-24>
/usr/local/texlive/2022/texmf-dist/tex/generic/pmx/pmx.tex
  PMX, a Preprocessor for MusiXTeX, Version 2.94b <23 Jan 20>
/usr/local/texlive/2022/texmf-dist/tex/generic/musixtex/musixlyr.tex
  MusiXLYRics 2.1c <June 10, 2003>
